[3586:3624:1126/124545.562680:ERROR:google_apis/gcm/engine/registration_request.cc:292] Registration response error message: DEPRECATED_ENDPOINT
Created TensorFlow Lite XNNPACK delegate for CPU.
Fontconfig error: Cannot load default config file: File not found
Fontconfig error: Cannot load default config file: File not found
[3586:3624:1126/124612.121180:ERROR:google_apis/gcm/engine/registration_request.cc:292] Registration response error message: DEPRECATED_ENDPOINT
[3586:3624:1126/124701.693439:ERROR:google_apis/gcm/engine/registration_request.cc:292] Registration response error message: DEPRECATED_ENDPOINT
[3586:3624:1126/124834.770596:ERROR:google_apis/gcm/engine/registration_request.cc:292] Registration response error message: DEPRECATED_ENDPOINT
[3586:3586:1126/124910.526461:ERROR:ui/ozone/platform/wayland/host/wayland_data_drag_controller.cc:165] Invalid state when trying to start drag. source=kMouse
[3586:3624:1126/125117.971176:ERROR:google_apis/gcm/engine/registration_request.cc:292] Registration response error message: DEPRECATED_ENDPOINT
[3586:3624:1126/125901.319386:ERROR:google_apis/gcm/engine/registration_request.cc:292] Registration response error message: DEPRECATED_ENDPOINT
[3586:3624:1126/133348.184012:ERROR:google_apis/gcm/engine/registration_request.cc:292] Registration response error message: DEPRECATED_ENDPOINT
[3586:3624:1126/133416.498209:ERROR:google_apis/gcm/engine/registration_request.cc:292] Registration response error message: DEPRECATED_ENDPOINT
[3667:3667:1126/133454.722296:ERROR:gpu/command_buffer/service/shared_image/shared_image_manager.cc:393] SharedImageManager::ProduceSkia: Trying to Produce a Skia representation from a non-existent mailbox.
[3667:3667:1126/133456.465170:ERROR:gpu/command_buffer/service/shared_image/shared_image_manager.cc:393] SharedImageManager::ProduceSkia: Trying to Produce a Skia representation from a non-existent mailbox.
[3667:3667:1126/133456.466147:ERROR:gpu/command_buffer/service/shared_image/shared_image_manager.cc:393] SharedImageManager::ProduceSkia: Trying to Produce a Skia representation from a non-existent mailbox.
[3586:3624:1126/133507.734468:ERROR:google_apis/gcm/engine/registration_request.cc:292] Registration response error message: DEPRECATED_ENDPOINT
[3586:3624:1126/133532.437025:ERROR:google_apis/gcm/engine/registration_request.cc:292] Registration response error message: DEPRECATED_ENDPOINT
[3586:3586:1126/134034.899077:ERROR:chrome/browser/ui/views/user_education/impl/browser_user_education_interface_impl.cc:154] Attempting to show IPH IPH_ExtensionsZeroStatePromo before browser initialization complete; IPH will not be shown.
[3586:3624:1126/134043.681193:ERROR:google_apis/gcm/engine/registration_request.cc:292] Registration response error message: DEPRECATED_ENDPOINT
[3586:3624:1126/134105.852831:ERROR:google_apis/gcm/engine/registration_request.cc:292] Registration response error message: DEPRECATED_ENDPOINT
[3586:3624:1126/134154.205369:ERROR:google_apis/gcm/engine/registration_request.cc:292] Registration response error message: DEPRECATED_ENDPOINT
[3667:3667:1126/134250.078194:ERROR:gpu/command_buffer/service/shared_image/shared_image_manager.cc:393] SharedImageManager::ProduceSkia: Trying to Produce a Skia representation from a non-existent mailbox.
[1126/134336.251272:ERROR:third_party/crashpad/crashpad/snapshot/elf/elf_dynamic_array_reader.h:64] tag not found
[1126/134336.440219:ERROR:third_party/crashpad/crashpad/snapshot/elf/elf_dynamic_array_reader.h:64] tag not found
[1126/134336.554750:ERROR:third_party/crashpad/crashpad/snapshot/elf/elf_dynamic_array_reader.h:64] tag not found
[1126/134337.736200:ERROR:third_party/crashpad/crashpad/snapshot/elf/elf_dynamic_array_reader.h:64] tag not found
[1126/134338.075744:ERROR:third_party/crashpad/crashpad/snapshot/elf/elf_dynamic_array_reader.h:64] tag not found
[1126/134338.182118:ERROR:third_party/crashpad/crashpad/snapshot/elf/elf_dynamic_array_reader.h:64] tag not found
[1126/134340.210320:ERROR:third_party/crashpad/crashpad/util/file/directory_reader_posix.cc:43] opendir /home/msf_bennett/.config/google-chrome/Crash Reports/attachments/6bd01d2d-a4f0-4d6f-bfdb-7348afa3b237: No such file or directory (2)
[5179:5208:1126/213613.042685:ERROR:google_apis/gcm/engine/registration_request.cc:292] Registration response error message: DEPRECATED_ENDPOINT
[5179:5208:1126/213613.626957:ERROR:google_apis/gcm/engine/registration_request.cc:292] Registration response error message: DEPRECATED_ENDPOINT
Created TensorFlow Lite XNNPACK delegate for CPU.
[5179:5179:1126/213631.562295:ERROR:CONSOLE:0] "Framing 'https://ogs.google.com/' violates the following report-only Content Security Policy directive: "frame-ancestors 'self'". The violation has been logged, but no further action has been taken.
", source:  (0)
[5179:5179:1126/213631.562366:ERROR:CONSOLE:0] "Framing 'https://ogs.google.com/' violates the following report-only Content Security Policy directive: "frame-ancestors 'self'". The violation has been logged, but no further action has been taken.
", source:  (0)
[5179:5208:1126/213636.106163:ERROR:google_apis/gcm/engine/registration_request.cc:292] Registration response error message: DEPRECATED_ENDPOINT
[5179:5208:1126/213643.272951:ERROR:google_apis/gcm/engine/registration_request.cc:292] Registration response error message: DEPRECATED_ENDPOINT
[5179:5208:1126/213730.474026:ERROR:google_apis/gcm/engine/registration_request.cc:292] Registration response error message: DEPRECATED_ENDPOINT
[5179:5208:1126/213732.279254:ERROR:google_apis/gcm/engine/registration_request.cc:292] Registration response error message: DEPRECATED_ENDPOINT
[5179:5179:1126/213831.626305:ERROR:chrome/browser/ui/views/user_education/impl/browser_user_education_interface_impl.cc:154] Attempting to show IPH IPH_ExtensionsZeroStatePromo before browser initialization complete; IPH will not be shown.
[5179:5208:1126/213832.092716:ERROR:google_apis/gcm/engine/registration_request.cc:292] Registration response error message: DEPRECATED_ENDPOINT
[5179:5208:1126/213852.450142:ERROR:google_apis/gcm/engine/registration_request.cc:292] Registration response error message: DEPRECATED_ENDPOINT
[5179:5208:1126/213950.496706:ERROR:google_apis/gcm/engine/registration_request.cc:292] Registration response error message: DEPRECATED_ENDPOINT
[5179:5208:1126/214126.197598:ERROR:google_apis/gcm/engine/registration_request.cc:292] Registration response error message: DEPRECATED_ENDPOINT
[5179:5179:1126/214349.905985:ERROR:chrome/browser/ui/views/user_education/impl/browser_user_education_interface_impl.cc:154] Attempting to show IPH IPH_ExtensionsZeroStatePromo before browser initialization complete; IPH will not be shown.
[5179:5208:1126/214352.113285:ERROR:google_apis/gcm/engine/registration_request.cc:292] Registration response error message: DEPRECATED_ENDPOINT
[5179:5208:1126/214421.388885:ERROR:google_apis/gcm/engine/registration_request.cc:292] Registration response error message: DEPRECATED_ENDPOINT
[5179:5208:1126/214428.494897:ERROR:google_apis/gcm/engine/registration_request.cc:292] Registration response error message: DEPRECATED_ENDPOINT
sh: line 1: lsb_release: command not found
[5179:5179:1126/215038.024397:ERROR:chrome/browser/ui/views/user_education/impl/browser_user_education_interface_impl.cc:154] Attempting to show IPH IPH_ExtensionsZeroStatePromo before browser initialization complete; IPH will not be shown.
[5179:5208:1126/215038.649495:ERROR:google_apis/gcm/engine/registration_request.cc:292] Registration response error message: DEPRECATED_ENDPOINT
[5179:5208:1126/215101.285392:ERROR:google_apis/gcm/engine/registration_request.cc:292] Registration response error message: DEPRECATED_ENDPOINT
[5179:5208:1126/215143.221156:ERROR:google_apis/gcm/engine/registration_request.cc:292] Registration response error message: DEPRECATED_ENDPOINT
[5179:5208:1126/215208.954200:ERROR:google_apis/gcm/engine/registration_request.cc:292] Registration response error message: DEPRECATED_ENDPOINT
[5179:5208:1126/215310.435376:ERROR:google_apis/gcm/engine/registration_request.cc:292] Registration response error message: DEPRECATED_ENDPOINT
[5179:5208:1126/215537.880182:ERROR:google_apis/gcm/engine/registration_request.cc:292] Registration response error message: DEPRECATED_ENDPOINT
[5179:5208:1126/215607.740290:ERROR:google_apis/gcm/engine/registration_request.cc:292] Registration response error message: DEPRECATED_ENDPOINT
[5179:5208:1126/215654.124992:ERROR:google_apis/gcm/engine/registration_request.cc:292] Registration response error message: DEPRECATED_ENDPOINT
[5179:5208:1126/215828.724431:ERROR:google_apis/gcm/engine/registration_request.cc:292] Registration response error message: DEPRECATED_ENDPOINT
Opening in existing browser session.
[5476:5728:1128/033947.777955:ERROR:google_apis/gcm/engine/registration_request.cc:292] Registration response error message: DEPRECATED_ENDPOINT
[5476:5728:1128/033947.910438:ERROR:google_apis/gcm/engine/registration_request.cc:292] Registration response error message: DEPRECATED_ENDPOINT
Created TensorFlow Lite XNNPACK delegate for CPU.
